./bin/LagrangeInterpolation < input/dataset.big


 Enter the number of the terms of the table: 

 Enter the respective values of the variables x and y: 


 The table you entered is as follows :

0.000	0.000
10.000	25.169
15.832	27.846
25.584	32.263
36.014	38.790
46.621	47.338
57.311	57.007
68.058	67.216
78.848	77.698
89.675	88.334
100.534	99.067
111.422	109.866
122.335	120.715
133.272	131.604
144.231	142.525
155.210	153.474
166.208	164.448
177.224	175.444
188.257	186.459
199.305	197.493
 


 Enter the value of the x to find the respective value of y


homes=40.000000
homet=-10.000000
homes=1366.719971
homet=158.319992
homes=33369.835938
homet=-4050.458740
homes=466710.531250
homet=145873.218750
homes=1577015.625000
homet=-6800755.000000
homes=-11529563.000000
homet=389758080.000000
homes=208200832.000000
homet=-26526154752.000000
homes=-6006177280.000000
homet=2091534254080.000000
homes=238295105536.000000
homet=-187558336135168.000000
homes=-12042004070400.000000
homet=18855988761198592.000000
homes=739643968454656.000000
homet=-2100971969682866176.000000
homes=-53502145613266944.000000
homet=257022401058871181312.000000
homes=4455230736475095040.000000
homet=-34253890125220422877184.000000
homes=-419820842557617733632.000000
homet=4940472714346654704074752.000000
homes=44169355086611173343232.000000
homet=-766810785938648685332135936.000000
homes=-5132831902782784087785472.000000
homet=127450078949041638292936720384.000000
homes=653019388788824702013407232.000000
homet=-22587212171637125569974479355904.000000
homes=-90284506934345517582304411648.000000
homet=4252200859911372348941139246579712.000000
homes=13479927878852686198747388968960.000000
homet=-847484877340569738590129966827962368.000000
sumk=0.000000
homes=50.000000
homet=10.000000
homes=1708.399902
homet=-58.320000
homes=41712.292969
homet=908.858826
homes=583388.125000
homet=-23643.052734
homes=1971269.375000
homet=865832.187500
homes=-14411952.000000
homet=-40963388.000000
homes=260251008.000000
homet=2378252288.000000
homes=-7507721216.000000
homet=-163737911296.000000
homes=297868853248.000000
homet=13045818458112.000000
homes=-15052503515136.000000
homet=-1181090102378496.000000
homes=924554859905024.000000
homet=119788519081115648.000000
homes=-66877674500390912.000000
homet=-13456443425280753664.000000
homes=5569037939557531648.000000
homet=1658802687975050182656.000000
homes=-524776035604836122624.000000
homet=-222662739392802334965760.000000
homes=55211690480564246151168.000000
homet=32332858104901724939485184.000000
homes=-6416039878478480109731840.000000
homet=-5050650643363483981310853120.000000
homes=816274254432774951226310656.000000
homet=844590031968638958381213679616.000000
homes=-112855633667931896977880514560.000000
homet=-150554089530255360874803703578624.000000
homes=16849910150797312652091529887744.000000
homet=28500640438412931619821923929686016.000000
sumk=0.000000
homes=50.000000
homet=15.832000
homes=2000.000000
homet=92.332222
homes=48832.000000
homet=-900.423828
homes=682964.375000
homet=18172.353516
homes=2307737.750000
homet=-559508.562500
homes=-16871872.000000
homet=23207856.000000
homes=304672256.000000
homet=-1212053376.000000
homes=-8789185536.000000
homet=76378750976.000000
homes=348710961152.000000
homet=-5640036024320.000000
homes=-17621757984768.000000
homet=477722300121088.000000
homes=1082363568193536.000000
homet=-45665470975574016.000000
homes=-78292769860222976.000000
homet=4863509365560180736.000000
homes=6519595978339647488.000000
homet=-571170535669262974976.000000
homes=-614348058224863739904.000000
homet=73337728721209117376512.000000
homes=64635562772829556441088.000000
homet=-10221666015106761681272832.000000
homes=-7511168886823899667365888.000000
homet=1537093101538016918601990144.000000
homes=955600962895001002979622912.000000
homet=-248074524941607217308320661504.000000
homes=-132118525451409877897582739456.000000
homet=42774252035231037127587509829632.000000
homes=19725955555992891990380094947328.000000
homet=-7847920260079648610032860568485888.000000
sumk=0.014880
homes=50.000000
homet=25.584000
homes=2000.000000
homet=398.701050
homes=68336.000000
homet=3888.132568
homes=955747.312500
homet=-40553.222656
homes=3229471.750000
homet=853118.125000
homes=-23610670.000000
homet=-27066880.000000
homes=426361440.000000
homet=1149638656.000000
homes=-12299674624.000000
homet=-61234352128.000000
homes=487989641216.000000
homet=3924571193344.000000
homes=-24660066435072.000000
homet=-294146606628864.000000
homes=1514670548582400.000000
homet=25248955239497728.000000
homes=-109563696597958656.000000
homet=-2442861674365976576.000000
homes=9123588607855034368.000000
homet=263066900261872074752.000000
homes=-859724924703540772864.000000
homet=-31212100390099234062336.000000
homes=90451664010395762294784.000000
homet=4045899878104743060439040.000000
homes=-10511206110087706803437568.000000
homet=-568950603175670413088784384.000000
homes=1337277674583689876144652288.000000
homet=86275671137571544281817022464.000000
homes=-184887995806593955284150910976.000000
homet=-14034722071361133746457673728000.000000
homes=27604701625591094057799751041024.000000
homet=2438125847480149754191978044588032.000000
sumk=-0.055111
homes=50.000000
homet=36.014000
homes=2000.000000
homet=936.868164
homes=68336.000000
homet=18907.873047
homes=1668491.750000
homet=197209.125000
homes=5637836.500000
homet=-2091796.875000
homes=-41218228.000000
homet=44549000.000000
homes=744318720.000000
homet=-1427528064.000000
homes=-21472106496.000000
homet=61146734592.000000
homes=851905871872.000000
homet=-3281195106304.000000
homes=-43050210426880.000000
homet=211702696116224.000000
homes=2644229901778944.000000
homet=-15964076685393920.000000
homes=-191270372753014784.000000
homet=1378035102960844800.000000
homes=15927467165846863872.000000
homet=-134024943479476453376.000000
homes=-1500861167568190177280.000000
homet=14503777297752085495808.000000
homes=157905606451631539355648.000000
homet=-1728792393445475985915904.000000
homes=-18349894055636558042628096.000000
homet=225078390537224863071862784.000000
homes=2334546880862148962696560640.000000
homet=-31783318567792961318532677632.000000
homes=-322767440022519136510116102144.000000
homet=4838788154918718328821260484608.000000
homes=48190790977278320101174844325888.000000
homet=-790130472210627661699000731435008.000000
sumk=0.310173
homes=50.000000
homet=46.620998
homes=2000.000000
homet=1707.307495
homes=68336.000000
homet=52566.285156
homes=1668491.750000
homet=1105836.875000
homes=23335526.000000
homet=11729610.000000
homes=-170606048.000000
homet=-125389560.000000
homes=3080803840.000000
homet=2687975936.000000
homes=-88875024384.000000
homet=-86625402880.000000
homes=3526116769792.000000
homet=3729570398208.000000
homes=-178188781092864.000000
homet=-201072316514304.000000
homes=10944710541574144.000000
homet=13029686309289984.000000
homes=-791685617955110912.000000
homet=-986529729915912192.000000
homes=65925248253914251264.000000
homet=85483792097351827456.000000
homes=-6212202275600078995456.000000
homet=-8344072920058310950912.000000
homes=653585868699662744027136.000000
homet=906074597344651662852096.000000
homes=-75951900014386814723817472.000000
homet=-108354735842932156847357952.000000
homes=9662904526360436960147800064.000000
homet=14151453067859567789083721728.000000
homes=-1335964278211557963243706122240.000000
homet=-2004355185360094141355256709120.000000
homes=199466144994328882575675047804928.000000
homet=306032955993358444326024462204928.000000
sumk=-2.055665
homes=50.000000
homet=57.311001
homes=2000.000000
homet=2711.440918
homes=68336.000000
homet=112467.859375
homes=1668491.750000
homet=3568268.000000
homes=23335526.000000
homet=75993408.000000
homes=78850784.000000
homet=812369728.000000
homes=-1423887360.000000
homet=-8730535936.000000
homes=41076301824.000000
homet=188029534208.000000
homes=-1629702455296.000000
homet=-6085388271616.000000
homes=82355377143808.000000
homet=263028712931328.000000
homes=-5058431555731456.000000
homet=-14232745303605248.000000
homes=365901629884465152.000000
homet=925470069654290432.000000
homes=-30469362763719245824.000000
homet=-70299628876742000640.000000
homes=2871158478339282305024.000000
homet=6110443442019642638336.000000
homes=-302074603535835234041856.000000
homet=-598206329060986399490048.000000
homes=35103482971953595540307968.000000
homet=65142868915386057995845632.000000
homes=-4466005439649437039449866240.000000
homet=-7811476544623167847186563072.000000
homes=617456520074396347637153398784.000000
homet=1022881580708903484009322905600.000000
homes=-92189336697142927569537395064832.000000
homet=-145243036619524371984484531175424.000000
sumk=28.798296
homes=50.000000
homet=68.057999
homes=2000.000000
homet=3951.311279
homes=68336.000000
homet=206361.171875
homes=1668491.750000
homet=8764984.000000
homes=23335526.000000
homet=280865152.000000
homes=78850784.000000
homet=6020906496.000000
homes=-576478144.000000
homet=64706670592.000000
homes=16630241280.000000
homet=-698185023488.000000
homes=-659804848128.000000
homet=15092669218816.000000
homes=33342575607808.000000
homet=-490149486002176.000000
homes=-2047967645138944.000000
homet=21254841812647936.000000
homes=148139744230899712.000000
homet=-1153649106426527744.000000
homes=-12335893742018887680.000000
homet=75234074334479777792.000000
homes=1162423607239389478912.000000
homet=-5730805193081052200960.000000
homes=-122298598559368582529024.000000
homet=499451180259224049418240.000000
homes=14212074916503648741621760.000000
homet=-49021129406296766128586752.000000
homes=-1808116945113582751560237056.000000
homet=5351440595898245315785916416.000000
homes=249984835520723577668745822208.000000
homet=-643237845429906751673967050752.000000
homes=-37323984062816506000025873022976.000000
homet=84423032818027082161657160400896.000000
sumk=64.982048
homes=50.000000
homet=78.848000
homes=2000.000000
homet=5428.526855
homes=68336.000000
homet=342084.031250
homes=1668491.750000
homet=18220764.000000
homes=23335526.000000
homet=780468224.000000
homes=78850784.000000
homet=25152149504.000000
homes=-576478144.000000
homet=541701799936.000000
homes=10410041344.000000
homet=5844962902016.000000
homes=-413018423296.000000
homet=-63283432259584.000000
homes=20871471169536.000000
homet=1372364323422208.000000
homes=-1281967475654656.000000
homet=-44703394006302720.000000
homes=92731118469513216.000000
homet=1944016409939935232.000000
homes=-7721905895998750720.000000
homet=-105801157293629243392.000000
homes=727642932619553800192.000000
homet=6917597144585445834752.000000
homes=-76555320971384340873216.000000
homet=-528241611813093061427200.000000
homes=8896340087465520629022720.000000
homet=46147182019845039115468800.000000
homes=-1131827947906465283079929856.000000
homet=-4539775297365774843449966592.000000
homes=156483140862059388370287591424.000000
homet=496692310923403758602024910848.000000
homes=-23363714896982158805921653850112.000000
homet=-59830062804847654576827471495168.000000
sumk=35.265408
homes=50.000000
homet=89.675003
homes=2000.000000
homet=7144.855957
homes=68336.000000
homet=527597.625000
homes=1668491.750000
homet=33814260.000000
homes=23335526.000000
homet=1814507136.000000
homes=78850784.000000
homet=78121795584.000000
homes=-576478144.000000
homet=2528334053376.000000
homes=10410041344.000000
homet=54655006539776.000000
homes=-300308856832.000000
homet=591749923733504.000000
homes=15175806615552.000000
homet=-6425808482598912.000000
homes=-932128363642880.000000
homet=139742018015330304.000000
homes=67425506168930304.000000
homet=-4563973810851676160.000000
homes=-5614657226749771776.000000
homet=198975558238250991616.000000
homes=529074791817905438720.000000
homet=-10855311034527537692672.000000
homes=-55663964473142928211968.000000
homet=711402864543063057891328.000000
homes=6468597534648240139403264.000000
homet=-54445786494482626109243392.000000
homes=-822960830224613189496078336.000000
homet=4766674086395169659913502720.000000
homes=113780103020084390203494498304.000000
homet=-469908257158386745579115905024.000000
homes=-16987938047325993323484432826368.000000
homet=51516038158193926816538157907968.000000
sumk=65.606575
homes=50.000000
homet=100.533997
homes=2000.000000
homet=9101.744141
homes=68336.000000
homet=770935.875000
homes=1668491.750000
homet=57781640.000000
homes=23335526.000000
homet=3728071168.000000
homes=78850784.000000
homet=200991490048.000000
homes=-576478144.000000
homet=8687454257152.000000
homes=10410041344.000000
homet=282133750874112.000000
homes=-300308856832.000000
homet=6118351638102016.000000
homes=11914755178496.000000
homet=66439141159600128.000000
homes=-731828067500032.000000
homet=-723389384476327936.000000
homes=52936781888225280.000000
homet=15770614135563223040.000000
homes=-4408151847596982272.000000
homet=-516298466703148318720.000000
homes=415384585818425262080.000000
homet=22560696764919579672576.000000
homes=-43702615532029377249280.000000
homet=-1233528876292563137462272.000000
homes=5078593287059307275223040.000000
homet=81010767390963051150704640.000000
homes=-646118978339684022621306880.000000
homet=-6212715830072787307855872000.000000
homes=89330475568010260377652690944.000000
homet=544998115476382755678993776640.000000
homes=-13337486194156592516237633781760.000000
homet=-53830004383892060851709658791936.000000
sumk=36.477539
homes=50.000000
homet=111.421997
homes=2000.000000
homet=11300.641602
homes=68336.000000
homet=1080228.250000
homes=1668491.750000
homet=92724632.000000
homes=23335526.000000
homet=6992178688.000000
homes=78850784.000000
homet=453100142592.000000
homes=-576478144.000000
homet=24517699174400.000000
homes=10410041344.000000
homet=1063185465475072.000000
homes=-300308856832.000000
homet=34632200355840000.000000
homes=11914755178496.000000
homet=753146223573073920.000000
homes=-602100190937088.000000
homet=8200256675999907840.000000
homes=43552918296592384.000000
homet=-89489418510456061952.000000
homes=-3626738829341229056.000000
homet=1955344316501585821696.000000
homes=341751224492126896128.000000
homet=-64152902993565005643776.000000
homes=-35955649553816216403968.000000
homet=2809127833619720862433280.000000
homes=4178333953726298510589952.000000
homet=-153900862988937499215134720.000000
homes=-531584361871130281467969536.000000
homet=10126985057435675245527695360.000000
homes=73495261550091899870214356992.000000
homet=-778106969907661848862009589760.000000
homes=-10973209311549376073331560677376.000000
homet=68382371566250704205968071196672.000000
sumk=61.023418
homes=50.000000
homet=122.334999
homes=2000.000000
homet=13742.501953
homes=68336.000000
homet=1463617.625000
homes=1668491.750000
homet=141606464.000000
homes=23335526.000000
homet=12223611904.000000
homes=78850784.000000
homet=925498605568.000000
homes=-576478144.000000
homet=60179622133760.000000
homes=10410041344.000000
homet=3266369336377344.000000
homes=-300308856832.000000
homet=142044601522323456.000000
homes=11914755178496.000000
homet=4639176008145043456.000000
homes=-602100190937088.000000
homet=101138691430184648704.000000
homes=36982198154297344.000000
homet=1103726715552242073600.000000
homes=-3079581711185477632.000000
homet=-12071463077902666432512.000000
homes=290192080817524572160.000000
homet=264316802562329694699520.000000
homes=-30531111090444541362176.000000
homet=-8689416618122445250887680.000000
homes=3547959133102945037451264.000000
homet=381230706310474723626057728.000000
homes=-451385555590687666795970560.000000
homet=-20925372569573342299312619520.000000
homes=62407215883811215953134354432.000000
homet=1379442539735360842368779550720.000000
homes=-9317708712020742110747272675328.000000
homet=-106175679975054723085681677041664.000000
sumk=43.393398
homes=50.000000
homet=133.272003
homes=2000.000000
homet=16428.707031
homes=68336.000000
homet=1929387.375000
homes=1668491.750000
homet=207771872.000000
homes=23335526.000000
homet=20207476736.000000
homes=78850784.000000
homet=1750998056960.000000
homes=-576478144.000000
homet=133007562244096.000000
homes=10410041344.000000
homet=8673955963469824.000000
homes=-300308856832.000000
homet=472071400375451648.000000
homes=11914755178496.000000
homet=20580896143222767616.000000
homes=-602100190937088.000000
homet=673777488538900627456.000000
homes=36982198154297344.000000
homet=14722042001892782899200.000000
homes=-2675107392332496896.000000
homet=161015035749556205649920.000000
homes=252078046802343886848.000000
homet=-1764563656623348399472640.000000
homes=-26521133003831615946752.000000
homet=38711004335827539506233344.000000
homes=3081967572376059654438912.000000
homet=-1274985233456061565483614208.000000
homes=-392100228894979192401166336.000000
homet=56038146041265476844486918144.000000
homes=54210604379494372755722207232.000000
homet=-3081257540760613604122001670144.000000
homes=-8093913709287762804506798063616.000000
homet=203464652635594433195465628450816.000000
sumk=53.987041
homes=50.000000
homet=144.231003
homes=2000.000000
homet=19360.271484
homes=68336.000000
homet=2485839.500000
homes=1668491.750000
homet=294937408.000000
homes=23335526.000000
homet=31917242368.000000
homes=78850784.000000
homet=3115441979392.000000
homes=-576478144.000000
homet=270794215129088.000000
homes=10410041344.000000
homet=20627209651748864.000000
homes=-300308856832.000000
homet=1348668934089342976.000000
homes=11914755178496.000000
homet=73577981124630544384.000000
homes=-602100190937088.000000
homet=3215137506903329865728.000000
homes=36982198154297344.000000
homet=105485463192893640409088.000000
homes=-2675107392332496896.000000
homet=2309710052055333392613376.000000
homes=222761548368626843648.000000
homet=25312112626639210501111808.000000
homes=-23436743719835129610240.000000
homet=-277901785890424734116478976.000000
homes=2723536958730341604917248.000000
homet=6107444836436657176752160768.000000
homes=-346499250355470674681659392.000000
homet=-201502905587399474303886950400.000000
homes=47905947615774975607789584384.000000
homet=8871367254789922946299878965248.000000
homes=-7152596918028847558542755889152.000000
homet=-488581586496131344571529236054016.000000
sumk=48.751778
homes=50.000000
homet=155.210007
homes=2000.000000
homet=22538.046875
homes=68336.000000
homet=3141308.000000
homes=1668491.750000
homet=407195200.000000
homes=23335526.000000
homet=48536043520.000000
homes=78850784.000000
homet=5270480617472.000000
homes=-576478144.000000
homet=515974788808704.000000
homes=10410041344.000000
homet=44968238869643264.000000
homes=-300308856832.000000
homet=3433864973497925632.000000
homes=11914755178496.000000
homet=225038346678681206784.000000
homes=-602100190937088.000000
homet=12304198973546012082176.000000
homes=36982198154297344.000000
homet=538776396032641106706432.000000
homes=-2675107392332496896.000000
homet=17712277735042768963633152.000000
homes=222761548368626843648.000000
homet=388571993942977061301780480.000000
homes=-20991043675993258590208.000000
homet=4266133344297315561249964032.000000
homes=2439327108095570088034304.000000
homet=-46918873851159079495577632768.000000
homes=-310340938746365191919763456.000000
homet=1032871765892880149937477648384.000000
homes=42906807955710823357764075520.000000
homet=-34133309668437121345874152128512.000000
homes=-6406200676832587240247876648960.000000
homet=1505107771031308636324356704698368.000000
sumk=50.838276
homes=50.000000
homet=166.207993
homes=2000.000000
homet=25963.017578
homes=68336.000000
homet=3904214.500000
homes=1668491.750000
homet=549026240.000000
homes=23335526.000000
homet=71479918592.000000
homes=78850784.000000
homet=8548068098048.000000
homes=-576478144.000000
homet=930858865262592.000000
homes=10410041344.000000
homet=91363789861027840.000000
homes=-300308856832.000000
homet=7981540173735264256.000000
homes=11914755178496.000000
homet=610851153851698905088.000000
homes=-602100190937088.000000
homet=40117034156301710524416.000000
homes=36982198154297344.000000
homet=2197851590065744037019648.000000
homes=-2675107392332496896.000000
homet=96426324031736575535611904.000000
homes=222761548368626843648.000000
homet=3175896237236175076463738880.000000
homes=-20991043675993258590208.000000
homet=69796638007577633563814658048.000000
homes=2208467835395351959830528.000000
homet=767622409621326525515723440128.000000
homes=-280970106619181138674974720.000000
homet=-8456133272286517612461437222912.000000
homes=38846085157206319830491201536.000000
homet=186449379566561133491711914278912.000000
homes=-5799914706889293792099331735552.000000
homet=-6170915075300765371514164359462912.000000
sumk=50.185043
homes=50.000000
homet=177.223999
homes=2000.000000
homet=29636.105469
homes=68336.000000
homet=4783030.500000
homes=1668491.750000
homet=725298752.000000
homes=23335526.000000
homet=102419431424.000000
homes=78850784.000000
homet=13376284524544.000000
homes=-576478144.000000
homet=1603990299082752.000000
homes=10410041344.000000
homet=175101212452978688.000000
homes=-300308856832.000000
homet=17225757301785231360.000000
homes=11914755178496.000000
homet=1508097748481932787712.000000
homes=-602100190937088.000000
homet=115656023296177724194816.000000
homes=36982198154297344.000000
homet=7610397958421649469472768.000000
homes=-2675107392332496896.000000
homet=417727146738451302469074944.000000
homes=222761548368626843648.000000
homet=18359942255387924667327053824.000000
homes=-20991043675993258590208.000000
homet=605749509110839456452269047808.000000
homes=2208467835395351959830528.000000
homet=13334965583822696014408371404800.000000
homes=-256641618197569296526213120.000000
homet=146898065737983356241690683768832.000000
homes=35482501710735447677890199552.000000
homet=-1620727037910425655168972760285184.000000
homes=-5297714832163180686634639163392.000000
homet=35787264448370137031342360235081728.000000
sumk=50.339603
homes=50.000000
homet=188.257004
homes=2000.000000
homet=33558.128906
homes=68336.000000
homet=5786260.500000
homes=1668491.750000
homet=941268352.000000
homes=23335526.000000
homet=143301525504.000000
homes=78850784.000000
homet=20296654389248.000000
homes=-576478144.000000
homet=2657765759647744.000000
homes=10410041344.000000
homet=319460801347846144.000000
homes=-300308856832.000000
homet=34951889151231787008.000000
homes=11914755178496.000000
homet=3445627232232524480512.000000
homes=-602100190937088.000000
homet=302260782344430730346496.000000
homes=36982198154297344.000000
homet=23224208675284358046679040.000000
homes=-2675107392332496896.000000
homet=1530986343805903518958616576.000000
homes=222761548368626843648.000000
homet=84181282712952925150961991680.000000
homes=-20991043675993258590208.000000
homet=3706165199566340992763133165568.000000
homes=2208467835395351959830528.000000
homet=122477628782076050074158361477120.000000
homes=-256641618197569296526213120.000000
homet=2700510488399289227580069034065920.000000
homes=32650973128790049842580684800.000000
homet=29794745817280689597793221419728896.000000
homes=-4874953170812489960582595739648.000000
homet=-329172019783702042651712824499240960.000000
sumk=50.313633
homes=50.000000
homet=199.304993
homes=2000.000000
homet=37729.429688
homes=68336.000000
homet=6922331.500000
homes=1668491.750000
homet=1202554240.000000
homes=23335526.000000
homet=196366270464.000000
homes=78850784.000000
homet=29981985996800.000000
homes=-576478144.000000
homet=4257261778108416.000000
homes=10410041344.000000
homet=558752808300445696.000000
homes=-300308856832.000000
homet=67305685102587019264.000000
homes=11914755178496.000000
homet=7378721836331817762816.000000
homes=-602100190937088.000000
homet=728803692639312085516288.000000
homes=36982198154297344.000000
homet=64049451995474979605970944.000000
homes=-2675107392332496896.000000
homet=4929885860444963723613831168.000000
homes=222761548368626843648.000000
homet=325535086791867515219797344256.000000
homes=-20991043675993258590208.000000
homet=17928516184909124031022729527296.000000
homes=2208467835395351959830528.000000
homet=790557638895433573230108110487552.000000
homes=-256641618197569296526213120.000000
homet=26165085815055326065704590808973312.000000
homes=32650973128790049842580684800.000000
homet=577751092725669030230495310573993984.000000
homes=-4514225724506594508686837678080.000000
homet=6382987756997901108947633934646116352.000000
sumk=50.316395


 The respective value of the variable y is: 50.316254