mpicc src/LagrangeInterpolation.c -o bin/LagrangeInterpolation 
./bin/LagrangeInterpolation < input/dataset.big


 Enter the number of the terms of the table: 

 Enter the respective values of the variables x and y: 


 The table you entered is as follows :

0.000	0.000
10.000	25.169
15.832	27.846
25.584	32.263
36.014	38.790
46.621	47.338
57.311	57.007
68.058	67.216
78.848	77.698
89.675	88.334
100.534	99.067
111.422	109.866
122.335	120.715
133.272	131.604
144.231	142.525
155.210	153.474
166.208	164.448
177.224	175.444
188.257	186.459
199.305	197.493
 


 Enter the value of the x to find the respective value of y


homes=40.000000
homet=-10.000000
homes=1366.719971
homet=158.319992
homes=33369.835938
homet=-4050.458740
homes=466710.531250
homet=145873.218750
homes=1577015.625000
homet=-6800755.000000
homes=-11529563.000000
homet=389758080.000000
homes=208200832.000000
homet=-26526154752.000000
homes=-6006177280.000000
homet=2091534254080.000000
homes=238295105536.000000
homet=-187558336135168.000000
homes=-12042004070400.000000
homet=18855988761198592.000000
homes=739643968454656.000000
homet=-2100971969682866176.000000
homes=-53502145613266944.000000
homet=257022401058871181312.000000
homes=4455230736475095040.000000
homet=-34253890125220422877184.000000
homes=-419820842557617733632.000000
homet=4940472714346654704074752.000000
homes=44169355086611173343232.000000
homet=-766810785938648685332135936.000000
homes=-5132831902782784087785472.000000
homet=127450078949041638292936720384.000000
homes=653019388788824702013407232.000000
homet=-22587212171637125569974479355904.000000
homes=-90284506934345517582304411648.000000
homet=4252200859911372348941139246579712.000000
homes=13479927878852686198747388968960.000000
homet=-847484877340569738590129966827962368.000000
sumk=0.000000
homes=673996377017672835332561002561536.000000
homet=-8474848931862022414429974855367524352.000000
homes=23029108872856736474964081544003584.000000
homet=49425316607718595895536008966648627200.000000
homes=562278743710502119138358502828802048.000000
homet=-inf
homes=7864030856316749963204087667505496064.000000
homet=inf
homes=26572573011622559320855588380096856064.000000
homet=-inf
homes=-194272099156775392011896850144416497664.000000
homet=inf
homes=inf
homet=-inf
homes=-inf
homet=inf
homes=inf
homet=-inf
homes=-inf
homet=inf
homes=inf
homet=-inf
homes=-inf
homet=inf
homes=inf
homet=-inf
homes=-inf
homet=inf
homes=inf
homet=-inf
homes=-inf
homet=inf
homes=inf
homet=-inf
homes=-inf
homet=inf
homes=inf
homet=-inf
sumk=0.000000
homes=inf
homet=-inf
homes=inf
homet=-inf
homes=inf
homet=inf
homes=inf
homet=-inf
homes=inf
homet=inf
homes=-inf
homet=-inf
homes=inf
homet=inf
homes=-inf
homet=-inf
homes=inf
homet=inf
homes=-inf
homet=-inf
homes=inf
homet=inf
homes=-inf
homet=-inf
homes=inf
homet=inf
homes=-inf
homet=-inf
homes=inf
homet=inf
homes=-inf
homet=-inf
homes=inf
homet=inf
homes=-inf
homet=-inf
homes=inf
homet=inf
sumk=-nan
homes=inf
homet=inf
homes=inf
homet=inf
homes=inf
homet=inf
homes=inf
homet=-inf
homes=inf
homet=inf
homes=-inf
homet=-inf
homes=inf
homet=inf
homes=-inf
homet=-inf
homes=inf
homet=inf
homes=-inf
homet=-inf
homes=inf
homet=inf
homes=-inf
homet=-inf
homes=inf
homet=inf
homes=-inf
homet=-inf
homes=inf
homet=inf
homes=-inf
homet=-inf
homes=inf
homet=inf
homes=-inf
homet=-inf
homes=inf
homet=inf
sumk=-nan
homes=inf
homet=inf
homes=inf
homet=inf
homes=inf
homet=inf
homes=inf
homet=inf
homes=inf
homet=-inf
homes=-inf
homet=inf
homes=inf
homet=-inf
homes=-inf
homet=inf
homes=inf
homet=-inf
homes=-inf
homet=inf
homes=inf
homet=-inf
homes=-inf
homet=inf
homes=inf
homet=-inf
homes=-inf
homet=inf
homes=inf
homet=-inf
homes=-inf
homet=inf
homes=inf
homet=-inf
homes=-inf
homet=inf
homes=inf
homet=-inf
sumk=-nan
homes=inf
homet=-inf
homes=inf
homet=-inf
homes=inf
homet=-inf
homes=inf
homet=-inf
homes=inf
homet=-inf
homes=-inf
homet=inf
homes=inf
homet=-inf
homes=-inf
homet=inf
homes=inf
homet=-inf
homes=-inf
homet=inf
homes=inf
homet=-inf
homes=-inf
homet=inf
homes=inf
homet=-inf
homes=-inf
homet=inf
homes=inf
homet=-inf
homes=-inf
homet=inf
homes=inf
homet=-inf
homes=-inf
homet=inf
homes=inf
homet=-inf
sumk=-nan
homes=inf
homet=-inf
homes=inf
homet=-inf
homes=inf
homet=-inf
homes=inf
homet=-inf
homes=inf
homet=-inf
homes=inf
homet=-inf
homes=-inf
homet=inf
homes=inf
homet=-inf
homes=-inf
homet=inf
homes=inf
homet=-inf
homes=-inf
homet=inf
homes=inf
homet=-inf
homes=-inf
homet=inf
homes=inf
homet=-inf
homes=-inf
homet=inf
homes=inf
homet=-inf
homes=-inf
homet=inf
homes=inf
homet=-inf
homes=-inf
homet=inf
sumk=-nan
homes=-inf
homet=inf
homes=-inf
homet=inf
homes=-inf
homet=inf
homes=-inf
homet=inf
homes=-inf
homet=inf
homes=-inf
homet=inf
homes=inf
homet=inf
homes=-inf
homet=-inf
homes=inf
homet=inf
homes=-inf
homet=-inf
homes=inf
homet=inf
homes=-inf
homet=-inf
homes=inf
homet=inf
homes=-inf
homet=-inf
homes=inf
homet=inf
homes=-inf
homet=-inf
homes=inf
homet=inf
homes=-inf
homet=-inf
homes=inf
homet=inf
sumk=-nan
homes=inf
homet=inf
homes=inf
homet=inf
homes=inf
homet=inf
homes=inf
homet=inf
homes=inf
homet=inf
homes=inf
homet=inf
homes=-inf
homet=inf
homes=inf
homet=inf
homes=-inf
homet=-inf
homes=inf
homet=inf
homes=-inf
homet=-inf
homes=inf
homet=inf
homes=-inf
homet=-inf
homes=inf
homet=inf
homes=-inf
homet=-inf
homes=inf
homet=inf
homes=-inf
homet=-inf
homes=inf
homet=inf
homes=-inf
homet=-inf
sumk=-nan
homes=-inf
homet=-inf
homes=-inf
homet=-inf
homes=-inf
homet=-inf
homes=-inf
homet=-inf
homes=-inf
homet=-inf
homes=-inf
homet=-inf
homes=inf
homet=-inf
homes=-inf
homet=-inf
homes=inf
homet=-inf
homes=-inf
homet=inf
homes=inf
homet=-inf
homes=-inf
homet=inf
homes=inf
homet=-inf
homes=-inf
homet=inf
homes=inf
homet=-inf
homes=-inf
homet=inf
homes=inf
homet=-inf
homes=-inf
homet=inf
homes=inf
homet=-inf
sumk=-nan
homes=inf
homet=-inf
homes=inf
homet=-inf
homes=inf
homet=-inf
homes=inf
homet=-inf
homes=inf
homet=-inf
homes=inf
homet=-inf
homes=-inf
homet=-inf
homes=inf
homet=-inf
homes=-inf
homet=-inf
homes=inf
homet=-inf
homes=-inf
homet=inf
homes=inf
homet=-inf
homes=-inf
homet=inf
homes=inf
homet=-inf
homes=-inf
homet=inf
homes=inf
homet=-inf
homes=-inf
homet=inf
homes=inf
homet=-inf
homes=-inf
homet=inf
sumk=-nan
homes=-inf
homet=inf
homes=-inf
homet=inf
homes=-inf
homet=inf
homes=-inf
homet=inf
homes=-inf
homet=inf
homes=-inf
homet=inf
homes=inf
homet=inf
homes=-inf
homet=inf
homes=inf
homet=inf
homes=-inf
homet=inf
homes=inf
homet=inf
homes=-inf
homet=-inf
homes=inf
homet=inf
homes=-inf
homet=-inf
homes=inf
homet=inf
homes=-inf
homet=-inf
homes=inf
homet=inf
homes=-inf
homet=-inf
homes=inf
homet=inf
sumk=-nan
homes=inf
homet=inf
homes=inf
homet=inf
homes=inf
homet=inf
homes=inf
homet=inf
homes=inf
homet=inf
homes=inf
homet=inf
homes=-inf
homet=inf
homes=inf
homet=inf
homes=-inf
homet=inf
homes=inf
homet=inf
homes=-inf
homet=inf
homes=inf
homet=inf
homes=-inf
homet=-inf
homes=inf
homet=inf
homes=-inf
homet=-inf
homes=inf
homet=inf
homes=-inf
homet=-inf
homes=inf
homet=inf
homes=-inf
homet=-inf
sumk=-nan
homes=-inf
homet=-inf
homes=-inf
homet=-inf
homes=-inf
homet=-inf
homes=-inf
homet=-inf
homes=-inf
homet=-inf
homes=-inf
homet=-inf
homes=inf
homet=-inf
homes=-inf
homet=-inf
homes=inf
homet=-inf
homes=-inf
homet=-inf
homes=inf
homet=-inf
homes=-inf
homet=-inf
homes=inf
homet=-inf
homes=-inf
homet=inf
homes=inf
homet=-inf
homes=-inf
homet=inf
homes=inf
homet=-inf
homes=-inf
homet=inf
homes=inf
homet=-inf
sumk=-nan
homes=inf
homet=-inf
homes=inf
homet=-inf
homes=inf
homet=-inf
homes=inf
homet=-inf
homes=inf
homet=-inf
homes=inf
homet=-inf
homes=-inf
homet=-inf
homes=inf
homet=-inf
homes=-inf
homet=-inf
homes=inf
homet=-inf
homes=-inf
homet=-inf
homes=inf
homet=-inf
homes=-inf
homet=-inf
homes=inf
homet=-inf
homes=-inf
homet=inf
homes=inf
homet=-inf
homes=-inf
homet=inf
homes=inf
homet=-inf
homes=-inf
homet=inf
sumk=-nan
homes=-inf
homet=inf
homes=-inf
homet=inf
homes=-inf
homet=inf
homes=-inf
homet=inf
homes=-inf
homet=inf
homes=-inf
homet=inf
homes=inf
homet=inf
homes=-inf
homet=inf
homes=inf
homet=inf
homes=-inf
homet=inf
homes=inf
homet=inf
homes=-inf
homet=inf
homes=inf
homet=inf
homes=-inf
homet=inf
homes=inf
homet=inf
homes=-inf
homet=-inf
homes=inf
homet=inf
homes=-inf
homet=-inf
homes=inf
homet=inf
sumk=-nan
homes=inf
homet=inf
homes=inf
homet=inf
homes=inf
homet=inf
homes=inf
homet=inf
homes=inf
homet=inf
homes=inf
homet=inf
homes=-inf
homet=inf
homes=inf
homet=inf
homes=-inf
homet=inf
homes=inf
homet=inf
homes=-inf
homet=inf
homes=inf
homet=inf
homes=-inf
homet=inf
homes=inf
homet=inf
homes=-inf
homet=inf
homes=inf
homet=inf
homes=-inf
homet=-inf
homes=inf
homet=inf
homes=-inf
homet=-inf
sumk=-nan
homes=-inf
homet=-inf
homes=-inf
homet=-inf
homes=-inf
homet=-inf
homes=-inf
homet=-inf
homes=-inf
homet=-inf
homes=-inf
homet=-inf
homes=inf
homet=-inf
homes=-inf
homet=-inf
homes=inf
homet=-inf
homes=-inf
homet=-inf
homes=inf
homet=-inf
homes=-inf
homet=-inf
homes=inf
homet=-inf
homes=-inf
homet=-inf
homes=inf
homet=-inf
homes=-inf
homet=-inf
homes=inf
homet=-inf
homes=-inf
homet=inf
homes=inf
homet=-inf
sumk=-nan
homes=inf
homet=-inf
homes=inf
homet=-inf
homes=inf
homet=-inf
homes=inf
homet=-inf
homes=inf
homet=-inf
homes=inf
homet=-inf
homes=-inf
homet=-inf
homes=inf
homet=-inf
homes=-inf
homet=-inf
homes=inf
homet=-inf
homes=-inf
homet=-inf
homes=inf
homet=-inf
homes=-inf
homet=-inf
homes=inf
homet=-inf
homes=-inf
homet=-inf
homes=inf
homet=-inf
homes=-inf
homet=-inf
homes=inf
homet=-inf
homes=-inf
homet=inf
sumk=-nan
homes=-inf
homet=inf
homes=-inf
homet=inf
homes=-inf
homet=inf
homes=-inf
homet=inf
homes=-inf
homet=inf
homes=-inf
homet=inf
homes=inf
homet=inf
homes=-inf
homet=inf
homes=inf
homet=inf
homes=-inf
homet=inf
homes=inf
homet=inf
homes=-inf
homet=inf
homes=inf
homet=inf
homes=-inf
homet=inf
homes=inf
homet=inf
homes=-inf
homet=inf
homes=inf
homet=inf
homes=-inf
homet=inf
homes=inf
homet=inf
sumk=-nan


 The respective value of the variable y is: -nan