Lmod ha detectado el siguiente error: Los siguientes módulos son
desconocidos: "cuda/8.0.6"

Por favor compruebe la ortografía, así como mayúsculas y minúsculas o
número de versión. También intente "module spider ..."
También es posible que su archivo de cache estea desactualizado. Intente:
  $ module --ignore-cache load "cuda/8.0.6"



/opt/ohpc/pub/compiler/cuda/gcc-5.3.0/8.0.61/extras/demo_suite/deviceQuery Starting...

 CUDA Device Query (Runtime API) version (CUDART static linking)

Detected 8 CUDA Capable device(s)

Device 0: "Tesla M2050"
  CUDA Driver Version / Runtime Version          9.1 / 8.0
  CUDA Capability Major/Minor version number:    2.0
  Total amount of global memory:                 2623 MBytes (2750087168 bytes)
  (14) Multiprocessors, ( 32) CUDA Cores/MP:     448 CUDA Cores
  GPU Max Clock rate:                            1147 MHz (1.15 GHz)
  Memory Clock rate:                             1546 Mhz
  Memory Bus Width:                              384-bit
  L2 Cache Size:                                 786432 bytes
  Maximum Texture Dimension Size (x,y,z)         1D=(65536), 2D=(65536, 65535), 3D=(2048, 2048, 2048)
  Maximum Layered 1D Texture Size, (num) layers  1D=(16384), 2048 layers
  Maximum Layered 2D Texture Size, (num) layers  2D=(16384, 16384), 2048 layers
  Total amount of constant memory:               65536 bytes
  Total amount of shared memory per block:       49152 bytes
  Total number of registers available per block: 32768
  Warp size:                                     32
  Maximum number of threads per multiprocessor:  1536
  Maximum number of threads per block:           1024
  Max dimension size of a thread block (x,y,z): (1024, 1024, 64)
  Max dimension size of a grid size    (x,y,z): (65535, 65535, 65535)
  Maximum memory pitch:                          2147483647 bytes
  Texture alignment:                             512 bytes
  Concurrent copy and kernel execution:          Yes with 2 copy engine(s)
  Run time limit on kernels:                     No
  Integrated GPU sharing Host Memory:            No
  Support host page-locked memory mapping:       Yes
  Alignment requirement for Surfaces:            Yes
  Device has ECC support:                        Enabled
  Device supports Unified Addressing (UVA):      Yes
  Device PCI Domain ID / Bus ID / location ID:   0 / 8 / 0
  Compute Mode:
     < Default (multiple host threads can use ::cudaSetDevice() with device simultaneously) >

Device 1: "Tesla M2050"
  CUDA Driver Version / Runtime Version          9.1 / 8.0
  CUDA Capability Major/Minor version number:    2.0
  Total amount of global memory:                 2623 MBytes (2750087168 bytes)
  (14) Multiprocessors, ( 32) CUDA Cores/MP:     448 CUDA Cores
  GPU Max Clock rate:                            1147 MHz (1.15 GHz)
  Memory Clock rate:                             1546 Mhz
  Memory Bus Width:                              384-bit
  L2 Cache Size:                                 786432 bytes
  Maximum Texture Dimension Size (x,y,z)         1D=(65536), 2D=(65536, 65535), 3D=(2048, 2048, 2048)
  Maximum Layered 1D Texture Size, (num) layers  1D=(16384), 2048 layers
  Maximum Layered 2D Texture Size, (num) layers  2D=(16384, 16384), 2048 layers
  Total amount of constant memory:               65536 bytes
  Total amount of shared memory per block:       49152 bytes
  Total number of registers available per block: 32768
  Warp size:                                     32
  Maximum number of threads per multiprocessor:  1536
  Maximum number of threads per block:           1024
  Max dimension size of a thread block (x,y,z): (1024, 1024, 64)
  Max dimension size of a grid size    (x,y,z): (65535, 65535, 65535)
  Maximum memory pitch:                          2147483647 bytes
  Texture alignment:                             512 bytes
  Concurrent copy and kernel execution:          Yes with 2 copy engine(s)
  Run time limit on kernels:                     No
  Integrated GPU sharing Host Memory:            No
  Support host page-locked memory mapping:       Yes
  Alignment requirement for Surfaces:            Yes
  Device has ECC support:                        Enabled
  Device supports Unified Addressing (UVA):      Yes
  Device PCI Domain ID / Bus ID / location ID:   0 / 9 / 0
  Compute Mode:
     < Default (multiple host threads can use ::cudaSetDevice() with device simultaneously) >

Device 2: "Tesla M2050"
  CUDA Driver Version / Runtime Version          9.1 / 8.0
  CUDA Capability Major/Minor version number:    2.0
  Total amount of global memory:                 2623 MBytes (2750087168 bytes)
  (14) Multiprocessors, ( 32) CUDA Cores/MP:     448 CUDA Cores
  GPU Max Clock rate:                            1147 MHz (1.15 GHz)
  Memory Clock rate:                             1546 Mhz
  Memory Bus Width:                              384-bit
  L2 Cache Size:                                 786432 bytes
  Maximum Texture Dimension Size (x,y,z)         1D=(65536), 2D=(65536, 65535), 3D=(2048, 2048, 2048)
  Maximum Layered 1D Texture Size, (num) layers  1D=(16384), 2048 layers
  Maximum Layered 2D Texture Size, (num) layers  2D=(16384, 16384), 2048 layers
  Total amount of constant memory:               65536 bytes
  Total amount of shared memory per block:       49152 bytes
  Total number of registers available per block: 32768
  Warp size:                                     32
  Maximum number of threads per multiprocessor:  1536
  Maximum number of threads per block:           1024
  Max dimension size of a thread block (x,y,z): (1024, 1024, 64)
  Max dimension size of a grid size    (x,y,z): (65535, 65535, 65535)
  Maximum memory pitch:                          2147483647 bytes
  Texture alignment:                             512 bytes
  Concurrent copy and kernel execution:          Yes with 2 copy engine(s)
  Run time limit on kernels:                     No
  Integrated GPU sharing Host Memory:            No
  Support host page-locked memory mapping:       Yes
  Alignment requirement for Surfaces:            Yes
  Device has ECC support:                        Enabled
  Device supports Unified Addressing (UVA):      Yes
  Device PCI Domain ID / Bus ID / location ID:   0 / 10 / 0
  Compute Mode:
     < Default (multiple host threads can use ::cudaSetDevice() with device simultaneously) >

Device 3: "Tesla M2050"
  CUDA Driver Version / Runtime Version          9.1 / 8.0
  CUDA Capability Major/Minor version number:    2.0
  Total amount of global memory:                 2623 MBytes (2750087168 bytes)
  (14) Multiprocessors, ( 32) CUDA Cores/MP:     448 CUDA Cores
  GPU Max Clock rate:                            1147 MHz (1.15 GHz)
  Memory Clock rate:                             1546 Mhz
  Memory Bus Width:                              384-bit
  L2 Cache Size:                                 786432 bytes
  Maximum Texture Dimension Size (x,y,z)         1D=(65536), 2D=(65536, 65535), 3D=(2048, 2048, 2048)
  Maximum Layered 1D Texture Size, (num) layers  1D=(16384), 2048 layers
  Maximum Layered 2D Texture Size, (num) layers  2D=(16384, 16384), 2048 layers
  Total amount of constant memory:               65536 bytes
  Total amount of shared memory per block:       49152 bytes
  Total number of registers available per block: 32768
  Warp size:                                     32
  Maximum number of threads per multiprocessor:  1536
  Maximum number of threads per block:           1024
  Max dimension size of a thread block (x,y,z): (1024, 1024, 64)
  Max dimension size of a grid size    (x,y,z): (65535, 65535, 65535)
  Maximum memory pitch:                          2147483647 bytes
  Texture alignment:                             512 bytes
  Concurrent copy and kernel execution:          Yes with 2 copy engine(s)
  Run time limit on kernels:                     No
  Integrated GPU sharing Host Memory:            No
  Support host page-locked memory mapping:       Yes
  Alignment requirement for Surfaces:            Yes
  Device has ECC support:                        Enabled
  Device supports Unified Addressing (UVA):      Yes
  Device PCI Domain ID / Bus ID / location ID:   0 / 21 / 0
  Compute Mode:
     < Default (multiple host threads can use ::cudaSetDevice() with device simultaneously) >

Device 4: "Tesla M2050"
  CUDA Driver Version / Runtime Version          9.1 / 8.0
  CUDA Capability Major/Minor version number:    2.0
  Total amount of global memory:                 2623 MBytes (2750087168 bytes)
  (14) Multiprocessors, ( 32) CUDA Cores/MP:     448 CUDA Cores
  GPU Max Clock rate:                            1147 MHz (1.15 GHz)
  Memory Clock rate:                             1546 Mhz
  Memory Bus Width:                              384-bit
  L2 Cache Size:                                 786432 bytes
  Maximum Texture Dimension Size (x,y,z)         1D=(65536), 2D=(65536, 65535), 3D=(2048, 2048, 2048)
  Maximum Layered 1D Texture Size, (num) layers  1D=(16384), 2048 layers
  Maximum Layered 2D Texture Size, (num) layers  2D=(16384, 16384), 2048 layers
  Total amount of constant memory:               65536 bytes
  Total amount of shared memory per block:       49152 bytes
  Total number of registers available per block: 32768
  Warp size:                                     32
  Maximum number of threads per multiprocessor:  1536
  Maximum number of threads per block:           1024
  Max dimension size of a thread block (x,y,z): (1024, 1024, 64)
  Max dimension size of a grid size    (x,y,z): (65535, 65535, 65535)
  Maximum memory pitch:                          2147483647 bytes
  Texture alignment:                             512 bytes
  Concurrent copy and kernel execution:          Yes with 2 copy engine(s)
  Run time limit on kernels:                     No
  Integrated GPU sharing Host Memory:            No
  Support host page-locked memory mapping:       Yes
  Alignment requirement for Surfaces:            Yes
  Device has ECC support:                        Enabled
  Device supports Unified Addressing (UVA):      Yes
  Device PCI Domain ID / Bus ID / location ID:   0 / 22 / 0
  Compute Mode:
     < Default (multiple host threads can use ::cudaSetDevice() with device simultaneously) >

Device 5: "Tesla M2050"
  CUDA Driver Version / Runtime Version          9.1 / 8.0
  CUDA Capability Major/Minor version number:    2.0
  Total amount of global memory:                 2623 MBytes (2750087168 bytes)
  (14) Multiprocessors, ( 32) CUDA Cores/MP:     448 CUDA Cores
  GPU Max Clock rate:                            1147 MHz (1.15 GHz)
  Memory Clock rate:                             1546 Mhz
  Memory Bus Width:                              384-bit
  L2 Cache Size:                                 786432 bytes
  Maximum Texture Dimension Size (x,y,z)         1D=(65536), 2D=(65536, 65535), 3D=(2048, 2048, 2048)
  Maximum Layered 1D Texture Size, (num) layers  1D=(16384), 2048 layers
  Maximum Layered 2D Texture Size, (num) layers  2D=(16384, 16384), 2048 layers
  Total amount of constant memory:               65536 bytes
  Total amount of shared memory per block:       49152 bytes
  Total number of registers available per block: 32768
  Warp size:                                     32
  Maximum number of threads per multiprocessor:  1536
  Maximum number of threads per block:           1024
  Max dimension size of a thread block (x,y,z): (1024, 1024, 64)
  Max dimension size of a grid size    (x,y,z): (65535, 65535, 65535)
  Maximum memory pitch:                          2147483647 bytes
  Texture alignment:                             512 bytes
  Concurrent copy and kernel execution:          Yes with 2 copy engine(s)
  Run time limit on kernels:                     No
  Integrated GPU sharing Host Memory:            No
  Support host page-locked memory mapping:       Yes
  Alignment requirement for Surfaces:            Yes
  Device has ECC support:                        Enabled
  Device supports Unified Addressing (UVA):      Yes
  Device PCI Domain ID / Bus ID / location ID:   0 / 25 / 0
  Compute Mode:
     < Default (multiple host threads can use ::cudaSetDevice() with device simultaneously) >

Device 6: "Tesla M2050"
  CUDA Driver Version / Runtime Version          9.1 / 8.0
  CUDA Capability Major/Minor version number:    2.0
  Total amount of global memory:                 2623 MBytes (2750087168 bytes)
  (14) Multiprocessors, ( 32) CUDA Cores/MP:     448 CUDA Cores
  GPU Max Clock rate:                            1147 MHz (1.15 GHz)
  Memory Clock rate:                             1546 Mhz
  Memory Bus Width:                              384-bit
  L2 Cache Size:                                 786432 bytes
  Maximum Texture Dimension Size (x,y,z)         1D=(65536), 2D=(65536, 65535), 3D=(2048, 2048, 2048)
  Maximum Layered 1D Texture Size, (num) layers  1D=(16384), 2048 layers
  Maximum Layered 2D Texture Size, (num) layers  2D=(16384, 16384), 2048 layers
  Total amount of constant memory:               65536 bytes
  Total amount of shared memory per block:       49152 bytes
  Total number of registers available per block: 32768
  Warp size:                                     32
  Maximum number of threads per multiprocessor:  1536
  Maximum number of threads per block:           1024
  Max dimension size of a thread block (x,y,z): (1024, 1024, 64)
  Max dimension size of a grid size    (x,y,z): (65535, 65535, 65535)
  Maximum memory pitch:                          2147483647 bytes
  Texture alignment:                             512 bytes
  Concurrent copy and kernel execution:          Yes with 2 copy engine(s)
  Run time limit on kernels:                     No
  Integrated GPU sharing Host Memory:            No
  Support host page-locked memory mapping:       Yes
  Alignment requirement for Surfaces:            Yes
  Device has ECC support:                        Enabled
  Device supports Unified Addressing (UVA):      Yes
  Device PCI Domain ID / Bus ID / location ID:   0 / 26 / 0
  Compute Mode:
     < Default (multiple host threads can use ::cudaSetDevice() with device simultaneously) >

Device 7: "Tesla M2050"
  CUDA Driver Version / Runtime Version          9.1 / 8.0
  CUDA Capability Major/Minor version number:    2.0
  Total amount of global memory:                 2623 MBytes (2750087168 bytes)
  (14) Multiprocessors, ( 32) CUDA Cores/MP:     448 CUDA Cores
  GPU Max Clock rate:                            1147 MHz (1.15 GHz)
  Memory Clock rate:                             1546 Mhz
  Memory Bus Width:                              384-bit
  L2 Cache Size:                                 786432 bytes
  Maximum Texture Dimension Size (x,y,z)         1D=(65536), 2D=(65536, 65535), 3D=(2048, 2048, 2048)
  Maximum Layered 1D Texture Size, (num) layers  1D=(16384), 2048 layers
  Maximum Layered 2D Texture Size, (num) layers  2D=(16384, 16384), 2048 layers
  Total amount of constant memory:               65536 bytes
  Total amount of shared memory per block:       49152 bytes
  Total number of registers available per block: 32768
  Warp size:                                     32
  Maximum number of threads per multiprocessor:  1536
  Maximum number of threads per block:           1024
  Max dimension size of a thread block (x,y,z): (1024, 1024, 64)
  Max dimension size of a grid size    (x,y,z): (65535, 65535, 65535)
  Maximum memory pitch:                          2147483647 bytes
  Texture alignment:                             512 bytes
  Concurrent copy and kernel execution:          Yes with 2 copy engine(s)
  Run time limit on kernels:                     No
  Integrated GPU sharing Host Memory:            No
  Support host page-locked memory mapping:       Yes
  Alignment requirement for Surfaces:            Yes
  Device has ECC support:                        Enabled
  Device supports Unified Addressing (UVA):      Yes
  Device PCI Domain ID / Bus ID / location ID:   0 / 27 / 0
  Compute Mode:
     < Default (multiple host threads can use ::cudaSetDevice() with device simultaneously) >
> Peer access from Tesla M2050 (GPU0) -> Tesla M2050 (GPU1) : Yes
> Peer access from Tesla M2050 (GPU0) -> Tesla M2050 (GPU2) : Yes
> Peer access from Tesla M2050 (GPU0) -> Tesla M2050 (GPU3) : No
> Peer access from Tesla M2050 (GPU0) -> Tesla M2050 (GPU4) : No
> Peer access from Tesla M2050 (GPU0) -> Tesla M2050 (GPU5) : No
> Peer access from Tesla M2050 (GPU0) -> Tesla M2050 (GPU6) : No
> Peer access from Tesla M2050 (GPU0) -> Tesla M2050 (GPU7) : No
> Peer access from Tesla M2050 (GPU1) -> Tesla M2050 (GPU0) : Yes
> Peer access from Tesla M2050 (GPU1) -> Tesla M2050 (GPU2) : Yes
> Peer access from Tesla M2050 (GPU1) -> Tesla M2050 (GPU3) : No
> Peer access from Tesla M2050 (GPU1) -> Tesla M2050 (GPU4) : No
> Peer access from Tesla M2050 (GPU1) -> Tesla M2050 (GPU5) : No
> Peer access from Tesla M2050 (GPU1) -> Tesla M2050 (GPU6) : No
> Peer access from Tesla M2050 (GPU1) -> Tesla M2050 (GPU7) : No
> Peer access from Tesla M2050 (GPU2) -> Tesla M2050 (GPU0) : Yes
> Peer access from Tesla M2050 (GPU2) -> Tesla M2050 (GPU1) : Yes
> Peer access from Tesla M2050 (GPU2) -> Tesla M2050 (GPU3) : No
> Peer access from Tesla M2050 (GPU2) -> Tesla M2050 (GPU4) : No
> Peer access from Tesla M2050 (GPU2) -> Tesla M2050 (GPU5) : No
> Peer access from Tesla M2050 (GPU2) -> Tesla M2050 (GPU6) : No
> Peer access from Tesla M2050 (GPU2) -> Tesla M2050 (GPU7) : No
> Peer access from Tesla M2050 (GPU3) -> Tesla M2050 (GPU0) : No
> Peer access from Tesla M2050 (GPU3) -> Tesla M2050 (GPU1) : No
> Peer access from Tesla M2050 (GPU3) -> Tesla M2050 (GPU2) : No
> Peer access from Tesla M2050 (GPU3) -> Tesla M2050 (GPU4) : Yes
> Peer access from Tesla M2050 (GPU3) -> Tesla M2050 (GPU5) : Yes
> Peer access from Tesla M2050 (GPU3) -> Tesla M2050 (GPU6) : Yes
> Peer access from Tesla M2050 (GPU3) -> Tesla M2050 (GPU7) : Yes
> Peer access from Tesla M2050 (GPU4) -> Tesla M2050 (GPU0) : No
> Peer access from Tesla M2050 (GPU4) -> Tesla M2050 (GPU1) : No
> Peer access from Tesla M2050 (GPU4) -> Tesla M2050 (GPU2) : No
> Peer access from Tesla M2050 (GPU4) -> Tesla M2050 (GPU3) : Yes
> Peer access from Tesla M2050 (GPU4) -> Tesla M2050 (GPU5) : Yes
> Peer access from Tesla M2050 (GPU4) -> Tesla M2050 (GPU6) : Yes
> Peer access from Tesla M2050 (GPU4) -> Tesla M2050 (GPU7) : Yes
> Peer access from Tesla M2050 (GPU5) -> Tesla M2050 (GPU0) : No
> Peer access from Tesla M2050 (GPU5) -> Tesla M2050 (GPU1) : No
> Peer access from Tesla M2050 (GPU5) -> Tesla M2050 (GPU2) : No
> Peer access from Tesla M2050 (GPU5) -> Tesla M2050 (GPU3) : Yes
> Peer access from Tesla M2050 (GPU5) -> Tesla M2050 (GPU4) : Yes
> Peer access from Tesla M2050 (GPU5) -> Tesla M2050 (GPU6) : Yes
> Peer access from Tesla M2050 (GPU5) -> Tesla M2050 (GPU7) : Yes
> Peer access from Tesla M2050 (GPU6) -> Tesla M2050 (GPU0) : No
> Peer access from Tesla M2050 (GPU6) -> Tesla M2050 (GPU1) : No
> Peer access from Tesla M2050 (GPU6) -> Tesla M2050 (GPU2) : No
> Peer access from Tesla M2050 (GPU6) -> Tesla M2050 (GPU3) : Yes
> Peer access from Tesla M2050 (GPU6) -> Tesla M2050 (GPU4) : Yes
> Peer access from Tesla M2050 (GPU6) -> Tesla M2050 (GPU5) : Yes
> Peer access from Tesla M2050 (GPU6) -> Tesla M2050 (GPU7) : Yes
> Peer access from Tesla M2050 (GPU7) -> Tesla M2050 (GPU0) : No
> Peer access from Tesla M2050 (GPU7) -> Tesla M2050 (GPU1) : No
> Peer access from Tesla M2050 (GPU7) -> Tesla M2050 (GPU2) : No
> Peer access from Tesla M2050 (GPU7) -> Tesla M2050 (GPU3) : Yes
> Peer access from Tesla M2050 (GPU7) -> Tesla M2050 (GPU4) : Yes
> Peer access from Tesla M2050 (GPU7) -> Tesla M2050 (GPU5) : Yes
> Peer access from Tesla M2050 (GPU7) -> Tesla M2050 (GPU6) : Yes

deviceQuery, CUDA Driver = CUDART, CUDA Driver Version = 9.1, CUDA Runtime Version = 8.0, NumDevs = 8, Device0 = Tesla M2050, Device1 = Tesla M2050, Device2 = Tesla M2050, Device3 = Tesla M2050, Device4 = Tesla M2050, Device5 = Tesla M2050, Device6 = Tesla M2050, Device7 = Tesla M2050
Result = PASS
